0 info it worked if it ends with ok
1 verbose cli [ '/usr/bin/node',
1 verbose cli   '/usr/lib/node_modules/npm/bin/npm-cli.js',
1 verbose cli   'run',
1 verbose cli   'develop',
1 verbose cli   '--scripts-prepend-node-path=auto' ]
2 info using npm@3.10.10
3 info using node@v6.9.5
4 verbose run-script [ 'predevelop', 'develop', 'postdevelop' ]
5 info lifecycle police-app-frontend@0.1.0~predevelop: police-app-frontend@0.1.0
6 silly lifecycle police-app-frontend@0.1.0~predevelop: no script for predevelop, continuing
7 info lifecycle police-app-frontend@0.1.0~develop: police-app-frontend@0.1.0
8 verbose lifecycle police-app-frontend@0.1.0~develop: unsafe-perm in lifecycle true
9 verbose lifecycle police-app-frontend@0.1.0~develop: PATH: /usr/lib/node_modules/npm/bin/node-gyp-bin:/home/jfrere/Work/computer_science/project/frontend/node_modules/.bin:./bin/:./sbin/:./games/:../bin/:../sbin/:./bin/:./sbin/:./games/:../bin/:../sbin/:./bin/:./sbin/:./games/:../bin/:../sbin/:/home/jfrere/.pyenv/bin:/home/jfrere/.nix-profile/bin:/home/jfrere/.nix-profile/sbin:/usr/local/bin:/usr/bin:/bin:/home/jfrere/bin/:/home/jfrere/.cargo/bin/:/home/jfrere/Applications/flutter/bin/:/home/jfrere/Applications/FeedTheBeast/:/home/jfrere/Applications/firefox:/home/jfrere/Applications/MultiMC/:/home/jfrere/Applications/postman
10 verbose lifecycle police-app-frontend@0.1.0~develop: CWD: /home/jfrere/Work/computer_science/project/frontend
11 silly lifecycle police-app-frontend@0.1.0~develop: Args: [ '-c', 'nps default' ]
12 silly lifecycle police-app-frontend@0.1.0~develop: Returned: code: 2  signal: null
13 info lifecycle police-app-frontend@0.1.0~develop: Failed to exec develop script
14 verbose stack Error: police-app-frontend@0.1.0 develop: `nps default`
14 verbose stack Exit status 2
14 verbose stack     at EventEmitter.<anonymous> (/usr/lib/node_modules/npm/lib/utils/lifecycle.js:255:16)
14 verbose stack     at emitTwo (events.js:106:13)
14 verbose stack     at EventEmitter.emit (events.js:191:7)
14 verbose stack     at ChildProcess.<anonymous> (/usr/lib/node_modules/npm/lib/utils/spawn.js:40:14)
14 verbose stack     at emitTwo (events.js:106:13)
14 verbose stack     at ChildProcess.emit (events.js:191:7)
14 verbose stack     at maybeClose (internal/child_process.js:877:16)
14 verbose stack     at Process.ChildProcess._handle.onexit (internal/child_process.js:226:5)
15 verbose pkgid police-app-frontend@0.1.0
16 verbose cwd /home/jfrere/Work/computer_science/project/frontend
17 error Linux 4.8.13-100.fc23.x86_64
18 error argv "/usr/bin/node" "/usr/lib/node_modules/npm/bin/npm-cli.js" "run" "develop" "--scripts-prepend-node-path=auto"
19 error node v6.9.5
20 error npm  v3.10.10
21 error code ELIFECYCLE
22 error police-app-frontend@0.1.0 develop: `nps default`
22 error Exit status 2
23 error Failed at the police-app-frontend@0.1.0 develop script 'nps default'.
23 error Make sure you have the latest version of node.js and npm installed.
23 error If you do, this is most likely a problem with the police-app-frontend package,
23 error not with npm itself.
23 error Tell the author that this fails on your system:
23 error     nps default
23 error You can get information on how to open an issue for this project with:
23 error     npm bugs police-app-frontend
23 error Or if that isn't available, you can get their info via:
23 error     npm owner ls police-app-frontend
23 error There is likely additional logging output above.
24 verbose exit [ 1, true ]
